<?xml version="1.0" encoding="UTF-8"?>
<!-- Generated by org.testng.reporters.JUnitXMLReporter -->
<testsuite hostname="DESKTOP-UVEVA0A" ignored="0" name="CreateCustomerTest" tests="2" failures="0" timestamp="2020-04-28T16:45:24 IST" time="182.144" errors="0">
  <testcase name="createCustomerWithName" time="37.715" classname="com.actitime.testscripts.CreateCustomerTest"/>
  <testcase name="createCustomerWithNameAndDescription" time="23.895" classname="com.actitime.testscripts.CreateCustomerTest"/>
</testsuite> <!-- CreateCustomerTest -->
